
ROM used:   3230/8192 (39%)
            3259/8192 (40%) including unused fragments

            1.2 Average locations per line
            7.2 Average locations per statement

RAM used:   153/368 (42%) at main() level
            218/368 (59%) worst case

Stack used: 4 worst case (4 in main + 0 for interrupts)
Stack size: 8

Lines Stmts  %   Files
----- ----- ---  -----
  269   133  30  3er Simulacion.c
  810     0   0  ..\..\..\..\..\..\..\..\..\Program Files (x86)\PICC\Devices\16F887.h
  435     0   0  ..\..\..\..\..\..\..\..\..\Program Files (x86)\PICC\Drivers\string.h
   32     0   0  ..\..\..\..\..\..\..\..\..\Program Files (x86)\PICC\Drivers\stddef.h
   28     0   0  ..\..\..\..\..\..\..\..\..\Program Files (x86)\PICC\Drivers\ctype.h
   37     0   0  ..\..\..\..\..\..\..\..\..\Program Files (x86)\PICC\Drivers\stdio.h
  154    75  17  DS3232.c
  444    76  17  ..\..\..\..\..\..\..\..\..\Program Files (x86)\PICC\Drivers\HDM64GS12.c
  555   163  36  ..\..\..\..\..\..\..\..\..\Program Files (x86)\PICC\Drivers\GRAPHICS.c
----- -----
 2764   447 Total

Page ROM  %  RAM    Vol Diff  Functions:
---- --- --- ---    --- ----  ----------
0     20   1    1             @delay_ms1
0     18   1    1             @I2C_WRITEU_129
0     16   0    1             @I2C_READU_129
 Inline         9    383  3.1  ds3232_get_date
 Inline         7    315  3.0  ds3232_get_time
0     21   1    3    155  4.7  bcd2bin
0     99   3    1    555  3.4  glcd_init
0    134   4    7    779  7.2  glcd_pixel
0     90   3    4    506  4.8  glcd_fillScreen
0     39   1    2             @MUL88
0     55   2    2    307  2.8  glcd_writeByte
0     57   2    2    318  2.8  glcd_readByte
0    262   8    0             @const866
0    224   7    0             @const870
0    184   6   17   1519  9.2  glcd_line
 Inline        11   1071  6.1  glcd_rect
0    248   8   20   1630 10.0  glcd_text57
1    380  12   35    545  5.9  guardar_evento
0    278   9    2    299  4.2  pantalla_carga
0     46   1    0    197  1.8  menu_principal
0     83   3    0    470  2.8  ejecutar_eventos
1    349  11   40    959  5.7  mostrar_evento
0     15   0    1    197  1.8  @SPRINTF
0     23   1    3    470  2.8  @DIV88
0     63   2    2    959  5.7  @PRINTF_U_974
0      7   0    0             @const982
 Inline         5             @PSTRINGCN7_974
0     33   1    0    106  1.3  apagar_actuadores
1    482  15    0   1767  9.3  MAIN
 Inline         0   1767  9.3  @cinit1

Program metrics:
    Functions               22
    Statements              447
    Comments                695
    Volume (V)              25607
    Difficulty (D)          107.8
    Effort to implement (E) 2759743
    Time to implement (T)   42 hours, 35 minutes
    Est Delivered Bugs (B)  7
    Cyclomatic Complexity   66
    Maintainability (MI)    118

 Segment     Used  Free
-----------  ----  ----
00000-00003     4  0  
00004-007FF  2015  29  
00800-00FFF  1211  837  
01000-017FF     0  2048  
01800-01FFF     0  2048  



